<?xml version="1.0" encoding="UTF-8"?>
<testsuite name="teste.AppTest" tests="1" skipped="0" failures="0" errors="0" timestamp="2023-12-26T16:34:19" hostname="LAPTOP-QIAVDB4E" time="0.019">
  <properties/>
  <testcase name="appHasAGreeting()" classname="teste.AppTest" time="0.019"/>
  <system-out><![CDATA[]]></system-out>
  <system-err><![CDATA[]]></system-err>
</testsuite>
